  main.cpp
E:\Документы\1 курс\2 сем\Информатика\Практика-2\Практика-2\main.cpp(89,19): warning C4018: >=: несоответствие типов со знаком и без знака
E:\Документы\1 курс\2 сем\Информатика\Практика-2\Практика-2\main.cpp(93,14): warning C4018: >: несоответствие типов со знаком и без знака
E:\Документы\1 курс\2 сем\Информатика\Практика-2\Практика-2\main.cpp(143,68): warning C4244: аргумент: преобразование "T" в "T", возможна потеря данных
E:\Документы\1 курс\2 сем\Информатика\Практика-2\Практика-2\main.cpp(143,68): warning C4244:         with
E:\Документы\1 курс\2 сем\Информатика\Практика-2\Практика-2\main.cpp(143,68): warning C4244:         [
E:\Документы\1 курс\2 сем\Информатика\Практика-2\Практика-2\main.cpp(143,68): warning C4244:             T=int
E:\Документы\1 курс\2 сем\Информатика\Практика-2\Практика-2\main.cpp(143,68): warning C4244:         ]
E:\Документы\1 курс\2 сем\Информатика\Практика-2\Практика-2\main.cpp(143,68): warning C4244:         and
E:\Документы\1 курс\2 сем\Информатика\Практика-2\Практика-2\main.cpp(143,68): warning C4244:         [
E:\Документы\1 курс\2 сем\Информатика\Практика-2\Практика-2\main.cpp(143,68): warning C4244:             T=float
E:\Документы\1 курс\2 сем\Информатика\Практика-2\Практика-2\main.cpp(143,68): warning C4244:         ]
E:\Документы\1 курс\2 сем\Информатика\Практика-2\Практика-2\main.cpp(143,56): warning C4244: аргумент: преобразование "T" в "T", возможна потеря данных
E:\Документы\1 курс\2 сем\Информатика\Практика-2\Практика-2\main.cpp(143,56): warning C4244:         with
E:\Документы\1 курс\2 сем\Информатика\Практика-2\Практика-2\main.cpp(143,56): warning C4244:         [
E:\Документы\1 курс\2 сем\Информатика\Практика-2\Практика-2\main.cpp(143,56): warning C4244:             T=int
E:\Документы\1 курс\2 сем\Информатика\Практика-2\Практика-2\main.cpp(143,56): warning C4244:         ]
E:\Документы\1 курс\2 сем\Информатика\Практика-2\Практика-2\main.cpp(143,56): warning C4244:         and
E:\Документы\1 курс\2 сем\Информатика\Практика-2\Практика-2\main.cpp(143,56): warning C4244:         [
E:\Документы\1 курс\2 сем\Информатика\Практика-2\Практика-2\main.cpp(143,56): warning C4244:             T=float
E:\Документы\1 курс\2 сем\Информатика\Практика-2\Практика-2\main.cpp(143,56): warning C4244:         ]
E:\Документы\1 курс\2 сем\Информатика\Практика-2\Практика-2\main.cpp(169,68): warning C4244: аргумент: преобразование "T" в "T", возможна потеря данных
E:\Документы\1 курс\2 сем\Информатика\Практика-2\Практика-2\main.cpp(169,68): warning C4244:         with
E:\Документы\1 курс\2 сем\Информатика\Практика-2\Практика-2\main.cpp(169,68): warning C4244:         [
E:\Документы\1 курс\2 сем\Информатика\Практика-2\Практика-2\main.cpp(169,68): warning C4244:             T=int
E:\Документы\1 курс\2 сем\Информатика\Практика-2\Практика-2\main.cpp(169,68): warning C4244:         ]
E:\Документы\1 курс\2 сем\Информатика\Практика-2\Практика-2\main.cpp(169,68): warning C4244:         and
E:\Документы\1 курс\2 сем\Информатика\Практика-2\Практика-2\main.cpp(169,68): warning C4244:         [
E:\Документы\1 курс\2 сем\Информатика\Практика-2\Практика-2\main.cpp(169,68): warning C4244:             T=float
E:\Документы\1 курс\2 сем\Информатика\Практика-2\Практика-2\main.cpp(169,68): warning C4244:         ]
E:\Документы\1 курс\2 сем\Информатика\Практика-2\Практика-2\main.cpp(169,56): warning C4244: аргумент: преобразование "T" в "T", возможна потеря данных
E:\Документы\1 курс\2 сем\Информатика\Практика-2\Практика-2\main.cpp(169,56): warning C4244:         with
E:\Документы\1 курс\2 сем\Информатика\Практика-2\Практика-2\main.cpp(169,56): warning C4244:         [
E:\Документы\1 курс\2 сем\Информатика\Практика-2\Практика-2\main.cpp(169,56): warning C4244:             T=int
E:\Документы\1 курс\2 сем\Информатика\Практика-2\Практика-2\main.cpp(169,56): warning C4244:         ]
E:\Документы\1 курс\2 сем\Информатика\Практика-2\Практика-2\main.cpp(169,56): warning C4244:         and
E:\Документы\1 курс\2 сем\Информатика\Практика-2\Практика-2\main.cpp(169,56): warning C4244:         [
E:\Документы\1 курс\2 сем\Информатика\Практика-2\Практика-2\main.cpp(169,56): warning C4244:             T=float
E:\Документы\1 курс\2 сем\Информатика\Практика-2\Практика-2\main.cpp(169,56): warning C4244:         ]
E:\Документы\1 курс\2 сем\Информатика\Практика-2\Практика-2\main.cpp(179,72): warning C4244: аргумент: преобразование "T" в "T", возможна потеря данных
E:\Документы\1 курс\2 сем\Информатика\Практика-2\Практика-2\main.cpp(179,72): warning C4244:         with
E:\Документы\1 курс\2 сем\Информатика\Практика-2\Практика-2\main.cpp(179,72): warning C4244:         [
E:\Документы\1 курс\2 сем\Информатика\Практика-2\Практика-2\main.cpp(179,72): warning C4244:             T=int
E:\Документы\1 курс\2 сем\Информатика\Практика-2\Практика-2\main.cpp(179,72): warning C4244:         ]
E:\Документы\1 курс\2 сем\Информатика\Практика-2\Практика-2\main.cpp(179,72): warning C4244:         and
E:\Документы\1 курс\2 сем\Информатика\Практика-2\Практика-2\main.cpp(179,72): warning C4244:         [
E:\Документы\1 курс\2 сем\Информатика\Практика-2\Практика-2\main.cpp(179,72): warning C4244:             T=float
E:\Документы\1 курс\2 сем\Информатика\Практика-2\Практика-2\main.cpp(179,72): warning C4244:         ]
E:\Документы\1 курс\2 сем\Информатика\Практика-2\Практика-2\main.cpp(179,60): warning C4244: аргумент: преобразование "T" в "T", возможна потеря данных
E:\Документы\1 курс\2 сем\Информатика\Практика-2\Практика-2\main.cpp(179,60): warning C4244:         with
E:\Документы\1 курс\2 сем\Информатика\Практика-2\Практика-2\main.cpp(179,60): warning C4244:         [
E:\Документы\1 курс\2 сем\Информатика\Практика-2\Практика-2\main.cpp(179,60): warning C4244:             T=int
E:\Документы\1 курс\2 сем\Информатика\Практика-2\Практика-2\main.cpp(179,60): warning C4244:         ]
E:\Документы\1 курс\2 сем\Информатика\Практика-2\Практика-2\main.cpp(179,60): warning C4244:         and
E:\Документы\1 курс\2 сем\Информатика\Практика-2\Практика-2\main.cpp(179,60): warning C4244:         [
E:\Документы\1 курс\2 сем\Информатика\Практика-2\Практика-2\main.cpp(179,60): warning C4244:             T=float
E:\Документы\1 курс\2 сем\Информатика\Практика-2\Практика-2\main.cpp(179,60): warning C4244:         ]
E:\Документы\1 курс\2 сем\Информатика\Практика-2\Практика-2\main.cpp(188,72): warning C4244: аргумент: преобразование "T" в "T", возможна потеря данных
E:\Документы\1 курс\2 сем\Информатика\Практика-2\Практика-2\main.cpp(188,72): warning C4244:         with
E:\Документы\1 курс\2 сем\Информатика\Практика-2\Практика-2\main.cpp(188,72): warning C4244:         [
E:\Документы\1 курс\2 сем\Информатика\Практика-2\Практика-2\main.cpp(188,72): warning C4244:             T=int
E:\Документы\1 курс\2 сем\Информатика\Практика-2\Практика-2\main.cpp(188,72): warning C4244:         ]
E:\Документы\1 курс\2 сем\Информатика\Практика-2\Практика-2\main.cpp(188,72): warning C4244:         and
E:\Документы\1 курс\2 сем\Информатика\Практика-2\Практика-2\main.cpp(188,72): warning C4244:         [
E:\Документы\1 курс\2 сем\Информатика\Практика-2\Практика-2\main.cpp(188,72): warning C4244:             T=float
E:\Документы\1 курс\2 сем\Информатика\Практика-2\Практика-2\main.cpp(188,72): warning C4244:         ]
E:\Документы\1 курс\2 сем\Информатика\Практика-2\Практика-2\main.cpp(188,60): warning C4244: аргумент: преобразование "T" в "T", возможна потеря данных
E:\Документы\1 курс\2 сем\Информатика\Практика-2\Практика-2\main.cpp(188,60): warning C4244:         with
E:\Документы\1 курс\2 сем\Информатика\Практика-2\Практика-2\main.cpp(188,60): warning C4244:         [
E:\Документы\1 курс\2 сем\Информатика\Практика-2\Практика-2\main.cpp(188,60): warning C4244:             T=int
E:\Документы\1 курс\2 сем\Информатика\Практика-2\Практика-2\main.cpp(188,60): warning C4244:         ]
E:\Документы\1 курс\2 сем\Информатика\Практика-2\Практика-2\main.cpp(188,60): warning C4244:         and
E:\Документы\1 курс\2 сем\Информатика\Практика-2\Практика-2\main.cpp(188,60): warning C4244:         [
E:\Документы\1 курс\2 сем\Информатика\Практика-2\Практика-2\main.cpp(188,60): warning C4244:             T=float
E:\Документы\1 курс\2 сем\Информатика\Практика-2\Практика-2\main.cpp(188,60): warning C4244:         ]
E:\Документы\1 курс\2 сем\Информатика\Практика-2\Практика-2\main.cpp(188,137): warning C4244: аргумент: преобразование "T" в "T", возможна потеря данных
E:\Документы\1 курс\2 сем\Информатика\Практика-2\Практика-2\main.cpp(188,137): warning C4244:         with
E:\Документы\1 курс\2 сем\Информатика\Практика-2\Практика-2\main.cpp(188,137): warning C4244:         [
E:\Документы\1 курс\2 сем\Информатика\Практика-2\Практика-2\main.cpp(188,137): warning C4244:             T=int
E:\Документы\1 курс\2 сем\Информатика\Практика-2\Практика-2\main.cpp(188,137): warning C4244:         ]
E:\Документы\1 курс\2 сем\Информатика\Практика-2\Практика-2\main.cpp(188,137): warning C4244:         and
E:\Документы\1 курс\2 сем\Информатика\Практика-2\Практика-2\main.cpp(188,137): warning C4244:         [
E:\Документы\1 курс\2 сем\Информатика\Практика-2\Практика-2\main.cpp(188,137): warning C4244:             T=float
E:\Документы\1 курс\2 сем\Информатика\Практика-2\Практика-2\main.cpp(188,137): warning C4244:         ]
E:\Документы\1 курс\2 сем\Информатика\Практика-2\Практика-2\main.cpp(188,125): warning C4244: аргумент: преобразование "T" в "T", возможна потеря данных
E:\Документы\1 курс\2 сем\Информатика\Практика-2\Практика-2\main.cpp(188,125): warning C4244:         with
E:\Документы\1 курс\2 сем\Информатика\Практика-2\Практика-2\main.cpp(188,125): warning C4244:         [
E:\Документы\1 курс\2 сем\Информатика\Практика-2\Практика-2\main.cpp(188,125): warning C4244:             T=int
E:\Документы\1 курс\2 сем\Информатика\Практика-2\Практика-2\main.cpp(188,125): warning C4244:         ]
E:\Документы\1 курс\2 сем\Информатика\Практика-2\Практика-2\main.cpp(188,125): warning C4244:         and
E:\Документы\1 курс\2 сем\Информатика\Практика-2\Практика-2\main.cpp(188,125): warning C4244:         [
E:\Документы\1 курс\2 сем\Информатика\Практика-2\Практика-2\main.cpp(188,125): warning C4244:             T=float
E:\Документы\1 курс\2 сем\Информатика\Практика-2\Практика-2\main.cpp(188,125): warning C4244:         ]
E:\Документы\1 курс\2 сем\Информатика\Практика-2\Практика-2\main.cpp(188,203): warning C4244: аргумент: преобразование "T" в "T", возможна потеря данных
E:\Документы\1 курс\2 сем\Информатика\Практика-2\Практика-2\main.cpp(188,203): warning C4244:         with
E:\Документы\1 курс\2 сем\Информатика\Практика-2\Практика-2\main.cpp(188,203): warning C4244:         [
E:\Документы\1 курс\2 сем\Информатика\Практика-2\Практика-2\main.cpp(188,203): warning C4244:             T=int
E:\Документы\1 курс\2 сем\Информатика\Практика-2\Практика-2\main.cpp(188,203): warning C4244:         ]
E:\Документы\1 курс\2 сем\Информатика\Практика-2\Практика-2\main.cpp(188,203): warning C4244:         and
E:\Документы\1 курс\2 сем\Информатика\Практика-2\Практика-2\main.cpp(188,203): warning C4244:         [
E:\Документы\1 курс\2 сем\Информатика\Практика-2\Практика-2\main.cpp(188,203): warning C4244:             T=float
E:\Документы\1 курс\2 сем\Информатика\Практика-2\Практика-2\main.cpp(188,203): warning C4244:         ]
E:\Документы\1 курс\2 сем\Информатика\Практика-2\Практика-2\main.cpp(188,191): warning C4244: аргумент: преобразование "T" в "T", возможна потеря данных
E:\Документы\1 курс\2 сем\Информатика\Практика-2\Практика-2\main.cpp(188,191): warning C4244:         with
E:\Документы\1 курс\2 сем\Информатика\Практика-2\Практика-2\main.cpp(188,191): warning C4244:         [
E:\Документы\1 курс\2 сем\Информатика\Практика-2\Практика-2\main.cpp(188,191): warning C4244:             T=int
E:\Документы\1 курс\2 сем\Информатика\Практика-2\Практика-2\main.cpp(188,191): warning C4244:         ]
E:\Документы\1 курс\2 сем\Информатика\Практика-2\Практика-2\main.cpp(188,191): warning C4244:         and
E:\Документы\1 курс\2 сем\Информатика\Практика-2\Практика-2\main.cpp(188,191): warning C4244:         [
E:\Документы\1 курс\2 сем\Информатика\Практика-2\Практика-2\main.cpp(188,191): warning C4244:             T=float
E:\Документы\1 курс\2 сем\Информатика\Практика-2\Практика-2\main.cpp(188,191): warning C4244:         ]
E:\Документы\1 курс\2 сем\Информатика\Практика-2\Практика-2\main.cpp(188,264): warning C4244: аргумент: преобразование "T" в "T", возможна потеря данных
E:\Документы\1 курс\2 сем\Информатика\Практика-2\Практика-2\main.cpp(188,264): warning C4244:         with
E:\Документы\1 курс\2 сем\Информатика\Практика-2\Практика-2\main.cpp(188,264): warning C4244:         [
E:\Документы\1 курс\2 сем\Информатика\Практика-2\Практика-2\main.cpp(188,264): warning C4244:             T=int
E:\Документы\1 курс\2 сем\Информатика\Практика-2\Практика-2\main.cpp(188,264): warning C4244:         ]
E:\Документы\1 курс\2 сем\Информатика\Практика-2\Практика-2\main.cpp(188,264): warning C4244:         and
E:\Документы\1 курс\2 сем\Информатика\Практика-2\Практика-2\main.cpp(188,264): warning C4244:         [
E:\Документы\1 курс\2 сем\Информатика\Практика-2\Практика-2\main.cpp(188,264): warning C4244:             T=float
E:\Документы\1 курс\2 сем\Информатика\Практика-2\Практика-2\main.cpp(188,264): warning C4244:         ]
E:\Документы\1 курс\2 сем\Информатика\Практика-2\Практика-2\main.cpp(188,252): warning C4244: аргумент: преобразование "T" в "T", возможна потеря данных
E:\Документы\1 курс\2 сем\Информатика\Практика-2\Практика-2\main.cpp(188,252): warning C4244:         with
E:\Документы\1 курс\2 сем\Информатика\Практика-2\Практика-2\main.cpp(188,252): warning C4244:         [
E:\Документы\1 курс\2 сем\Информатика\Практика-2\Практика-2\main.cpp(188,252): warning C4244:             T=int
E:\Документы\1 курс\2 сем\Информатика\Практика-2\Практика-2\main.cpp(188,252): warning C4244:         ]
E:\Документы\1 курс\2 сем\Информатика\Практика-2\Практика-2\main.cpp(188,252): warning C4244:         and
E:\Документы\1 курс\2 сем\Информатика\Практика-2\Практика-2\main.cpp(188,252): warning C4244:         [
E:\Документы\1 курс\2 сем\Информатика\Практика-2\Практика-2\main.cpp(188,252): warning C4244:             T=float
E:\Документы\1 курс\2 сем\Информатика\Практика-2\Практика-2\main.cpp(188,252): warning C4244:         ]
  Практика-2.vcxproj -> E:\Документы\1 курс\2 сем\Информатика\Практика-2\Debug\Практика-2.exe
